#
# There is insufficient memory for the Java Runtime Environment to continue.
# Native memory allocation (malloc) failed to allocate 1154736 bytes for Chunk::new
# Possible reasons:
#   The system is out of physical RAM or swap space
#   In 32 bit mode, the process size limit was hit
# Possible solutions:
#   Reduce memory load on the system
#   Increase physical memory or swap space
#   Check if swap backing store is full
#   Use 64 bit Java on a 64 bit OS
#   Decrease Java heap size (-Xmx/-Xms)
#   Decrease number of Java threads
#   Decrease Java thread stack sizes (-Xss)
#   Set larger code cache with -XX:ReservedCodeCacheSize=
# This output file may be truncated or incomplete.
#
#  Out of Memory Error (allocation.cpp:390), pid=15704, tid=0x0000000000002ad0
#
# JRE version: OpenJDK Runtime Environment (8.0_152-b01) (build 1.8.0_152-release-1248-b01)
# Java VM: OpenJDK 64-Bit Server VM (25.152-b01 mixed mode windows-amd64 compressed oops)
# Failed to write core dump. Minidumps are not enabled by default on client versions of Windows
#

---------------  T H R E A D  ---------------

Current thread (0x0000000016b7d000):  JavaThread "C2 CompilerThread0" daemon [_thread_in_native, id=10960, stack(0x00000000181e0000,0x00000000182e0000)]

Stack: [0x00000000181e0000,0x00000000182e0000]
[error occurred during error reporting (printing stack bounds), id 0xc0000005]

Native frames: (J=compiled Java code, j=interpreted, Vv=VM code, C=native code)


Current CompileTask:
C2:1153390 18029       4       com.android.tools.r8.ir.conversion.JarSourceCode::buildInstruction (259 bytes)


---------------  P R O C E S S  ---------------

Java Threads: ( => current thread )
  0x000000001f856000 JavaThread "ForkJoinPool.commonPool-worker-2" daemon [_thread_blocked, id=7696, stack(0x00000000290a0000,0x00000000291a0000)]
  0x000000001f853800 JavaThread "ForkJoinPool.commonPool-worker-1" daemon [_thread_blocked, id=18424, stack(0x0000000028fa0000,0x00000000290a0000)]
  0x000000001f853000 JavaThread "ForkJoinPool.commonPool-worker-0" daemon [_thread_in_Java, id=7344, stack(0x0000000028ea0000,0x0000000028fa0000)]
  0x000000001f855000 JavaThread "Cache worker for Java compile cache (C:\Users\v-elyuda\AndroidStudioProjects\DevTestTask\.gradle\4.10.1\javaCompile)" [_thread_blocked, id=7680, stack(0x0000000027cd0000,0x0000000027dd0000)]
  0x000000001f857800 JavaThread "Cache worker for Java compile cache (C:\Users\v-elyuda\.gradle\caches\4.10.1\javaCompile)" [_thread_blocked, id=14172, stack(0x0000000027bd0000,0x0000000027cd0000)]
  0x000000001f84c000 JavaThread "stdout" daemon [_thread_in_native, id=6772, stack(0x0000000027ad0000,0x0000000027bd0000)]
  0x000000001f84d800 JavaThread "stderr" daemon [_thread_in_native, id=17632, stack(0x00000000279d0000,0x0000000027ad0000)]
  0x000000001f84b800 JavaThread "stdout" daemon [_thread_in_native, id=11564, stack(0x00000000278d0000,0x00000000279d0000)]
  0x000000001f84d000 JavaThread "stderr" daemon [_thread_in_native, id=9948, stack(0x00000000277d0000,0x00000000278d0000)]
  0x000000001f850000 JavaThread "stdout" daemon [_thread_in_native, id=4428, stack(0x00000000276d0000,0x00000000277d0000)]
  0x000000001f84f000 JavaThread "stderr" daemon [_thread_in_native, id=3240, stack(0x00000000275d0000,0x00000000276d0000)]
  0x000000001f84a800 JavaThread "pool-3-thread-1" [_thread_blocked, id=6832, stack(0x00000000274d0000,0x00000000275d0000)]
  0x000000001f849000 JavaThread "MarlinRenderer Disposer" daemon [_thread_blocked, id=18772, stack(0x00000000273d0000,0x00000000274d0000)]
  0x000000002007d000 JavaThread "Java2D Disposer" daemon [_thread_blocked, id=3060, stack(0x00000000272d0000,0x00000000273d0000)]
  0x000000002007e000 JavaThread "Cache worker for Build Output Cleanup Cache (C:\Users\v-elyuda\AndroidStudioProjects\DevTestTask\.gradle\buildOutputCleanup)" [_thread_blocked, id=8028, stack(0x0000000026bd0000,0x0000000026cd0000)]
  0x0000000020079800 JavaThread "Cache worker for task history cache (C:\Users\v-elyuda\AndroidStudioProjects\DevTestTask\.gradle\4.10.1\taskHistory)" [_thread_blocked, id=6408, stack(0x0000000026ad0000,0x0000000026bd0000)]
  0x000000002007e800 JavaThread "Task worker for ':' Thread 3" [_thread_blocked, id=19480, stack(0x00000000269d0000,0x0000000026ad0000)]
  0x000000002007b000 JavaThread "Task worker for ':' Thread 2" [_thread_blocked, id=10724, stack(0x00000000268d0000,0x00000000269d0000)]
  0x000000001b3d9800 JavaThread "Task worker for ':'" [_thread_blocked, id=21028, stack(0x00000000267d0000,0x00000000268d0000)]
  0x000000001b3d6800 JavaThread "Cache worker for file content cache (C:\Users\v-elyuda\AndroidStudioProjects\DevTestTask\.gradle\4.10.1\fileContent)" [_thread_blocked, id=10568, stack(0x00000000266d0000,0x00000000267d0000)]
  0x000000001be89000 JavaThread "Cache worker for file content cache (C:\Users\v-elyuda\.gradle\caches\4.10.1\fileContent)" [_thread_blocked, id=17740, stack(0x00000000265d0000,0x00000000266d0000)]
  0x000000001be88000 JavaThread "Build operations Thread 4" [_thread_blocked, id=11108, stack(0x00000000264d0000,0x00000000265d0000)]
  0x000000001be8c000 JavaThread "Build operations Thread 3" [_thread_blocked, id=20352, stack(0x00000000263d0000,0x00000000264d0000)]
  0x000000001be7e800 JavaThread "Build operations Thread 2" [_thread_blocked, id=18320, stack(0x00000000262d0000,0x00000000263d0000)]
  0x000000001be83000 JavaThread "Build operations" [_thread_blocked, id=3900, stack(0x00000000261d0000,0x00000000262d0000)]
  0x000000001be84800 JavaThread "Cache worker for cache directory md-rule (C:\Users\v-elyuda\.gradle\caches\4.10.1\md-rule)" [_thread_blocked, id=11644, stack(0x00000000260d0000,0x00000000261d0000)]
  0x000000001be85000 JavaThread "Cache worker for cache directory md-supplier (C:\Users\v-elyuda\.gradle\caches\4.10.1\md-supplier)" [_thread_blocked, id=16940, stack(0x0000000025fd0000,0x00000000260d0000)]
  0x000000001ebb2800 JavaThread "Cache worker for file hash cache (C:\Users\v-elyuda\AndroidStudioProjects\DevTestTask\.gradle\4.10.1\fileHashes)" [_thread_blocked, id=8920, stack(0x0000000025ed0000,0x0000000025fd0000)]
  0x000000001ebb1000 JavaThread "Stdin handler" [_thread_blocked, id=6364, stack(0x0000000025dd0000,0x0000000025ed0000)]
  0x000000001ebb0800 JavaThread "Asynchronous log dispatcher for DefaultDaemonConnection: socket connection from /127.0.0.1:58202 to /127.0.0.1:58638" [_thread_blocked, id=14708, stack(0x0000000025cd0000,0x0000000025dd0000)]
  0x000000001ebaf000 JavaThread "Daemon worker Thread 2" [_thread_blocked, id=11560, stack(0x0000000025bd0000,0x0000000025cd0000)]
  0x000000001ebae000 JavaThread "Cancel handler" [_thread_blocked, id=11012, stack(0x0000000025ad0000,0x0000000025bd0000)]
  0x000000001ebaf800 JavaThread "Handler for socket connection from /127.0.0.1:58202 to /127.0.0.1:58638" [_thread_in_native, id=4084, stack(0x00000000259d0000,0x0000000025ad0000)]
  0x000000001ebb3800 JavaThread "Daemon Thread 2" [_thread_blocked, id=9028, stack(0x00000000258d0000,0x00000000259d0000)]
  0x000000001be89800 JavaThread "pool-1-thread-1" [_thread_blocked, id=7284, stack(0x00000000245d0000,0x00000000246d0000)]
  0x000000001be8c800 JavaThread "Memory manager" [_thread_blocked, id=14912, stack(0x00000000242d0000,0x00000000243d0000)]
  0x000000001b3da000 JavaThread "Cache worker for Artifact transforms cache (C:\Users\v-elyuda\.gradle\caches\transforms-1)" [_thread_blocked, id=7272, stack(0x0000000020820000,0x0000000020920000)]
  0x000000001b3db000 JavaThread "Cache worker for journal cache (C:\Users\v-elyuda\.gradle\caches\journal-1)" [_thread_blocked, id=10160, stack(0x000000001d7d0000,0x000000001d8d0000)]
  0x0000000019f80800 JavaThread "File lock request listener" [_thread_in_native, id=12552, stack(0x000000001c600000,0x000000001c700000)]
  0x000000001b49f800 JavaThread "Cache worker for file hash cache (C:\Users\v-elyuda\.gradle\caches\4.10.1\fileHashes)" [_thread_blocked, id=6012, stack(0x000000001c500000,0x000000001c600000)]
  0x00000000198e8000 JavaThread "Daemon periodic checks" [_thread_blocked, id=18524, stack(0x000000001aa30000,0x000000001ab30000)]
  0x00000000198e1000 JavaThread "Incoming local TCP Connector on port 58202" [_thread_in_native, id=5504, stack(0x000000001a7f0000,0x000000001a8f0000)]
  0x0000000018511800 JavaThread "Service Thread" daemon [_thread_blocked, id=7952, stack(0x00000000188e0000,0x00000000189e0000)]
  0x0000000016b8a000 JavaThread "C1 CompilerThread2" daemon [_thread_blocked, id=9788, stack(0x00000000183e0000,0x00000000184e0000)]
  0x0000000016b83000 JavaThread "C2 CompilerThread1" daemon [_thread_in_native, id=18528, stack(0x00000000182e0000,0x00000000183e0000)]
=>0x0000000016b7d000 JavaThread "C2 CompilerThread0" daemon [_thread_in_native, id=10960, stack(0x00000000181e0000,0x00000000182e0000)]
  0x0000000016b7b800 JavaThread "Attach Listener" daemon [_thread_blocked, id=17968, stack(0x00000000180e0000,0x00000000181e0000)]
  0x0000000016b7a000 JavaThread "Signal Dispatcher" daemon [_thread_blocked, id=8348, stack(0x0000000017fe0000,0x00000000180e0000)]
  0x000000000320c000 JavaThread "Finalizer" daemon [_thread_blocked, id=9564, stack(0x0000000017de0000,0x0000000017ee0000)]
  0x0000000003201000 JavaThread "Reference Handler" daemon [_thread_blocked, id=1324, stack(0x0000000017ce0000,0x0000000017de0000)]
  0x0000000003112800 JavaThread "main" [_thread_blocked, id=13828, stack(0x0000000003010000,0x0000000003110000)]

Other Threads:
  0x0000000016b47800 VMThread [stack: 0x0000000017be0000,0x0000000017ce0000] [id=14368]
  0x0000000018512000 WatcherThread [stack: 0x00000000189e0000,0x0000000018ae0000] [id=1248]

VM state:not at safepoint (normal execution)

VM Mutex/Monitor currently owned by a thread:  ([mutex/lock_event])
[0x0000000002f3cec0] CodeCache_lock - owner thread: 0x0000000016b8a000
[0x0000000003110cd0] Compile_lock - owner thread: 0x0000000016b8a000

Heap:
 PSYoungGen      total 204800K, used 43589K [0x00000000e0000000, 0x00000000ee980000, 0x0000000100000000)
  eden space 170496K, 25% used [0x00000000e0000000,0x00000000e2a917f8,0x00000000ea680000)
  from space 34304K, 0% used [0x00000000ec800000,0x00000000ec800000,0x00000000ee980000)
  to   space 28672K, 0% used [0x00000000eaa00000,0x00000000eaa00000,0x00000000ec600000)
 ParOldGen       total 263168K, used 46662K [0x00000000a0000000, 0x00000000b0100000, 0x00000000e0000000)
  object space 263168K, 17% used [0x00000000a0000000,0x00000000a2d91868,0x00000000b0100000)
 Metaspace       used 95682K, capacity 98904K, committed 99008K, reserved 1136640K
  class space    used 11998K, capacity 12687K, committed 12760K, reserved 1048576K

Card table byte_map: [0x00000000125d0000,0x00000000128e0000] byte_map_base: 0x00000000120d0000

Marking Bits: (ParMarkBitMap*) 0x000000006fbf5aa0
 Begin Bits: [0x0000000012ee0000, 0x00000000146e0000)
 End Bits:   [0x00000000146e0000, 0x0000000015ee0000)

Polling page: 0x00000000011e0000

CodeCache: size=245760Kb used=51630Kb max_used=51630Kb free=194129Kb
 bounds [0x0000000003210000, 0x00000000064c0000, 0x0000000012210000]
 total_blobs=16253 nmethods=15234 adapters=930
 compilation: enabled

Compilation events (10 events):
Event: 1153.346 Thread 0x0000000016b8a000 18275       2       com.android.tools.r8.graph.DexAnnotation::collectMixedSectionItems (7 bytes)
Event: 1153.347 Thread 0x0000000016b8a000 nmethod 18275 0x00000000064a5950 code [0x00000000064a5ac0, 0x00000000064a5c48]
Event: 1153.347 Thread 0x0000000016b8a000 18276       2       com.android.tools.r8.dex.ApplicationWriter$SortAnnotations::add (9 bytes)
Event: 1153.347 Thread 0x0000000016b8a000 nmethod 18276 0x00000000064a5cd0 code [0x00000000064a5e40, 0x00000000064a5fc8]
Event: 1153.347 Thread 0x0000000016b8a000 18270       1       com.android.tools.r8.graph.DexValue$DexValueType::getValueKind (3 bytes)
Event: 1153.347 Thread 0x0000000016b8a000 nmethod 18270 0x00000000064a60d0 code [0x00000000064a6220, 0x00000000064a6330]
Event: 1153.356 Thread 0x0000000016b8a000 18277       2       java.lang.invoke.MethodHandles$Lookup::restrictProtectedReceiver (54 bytes)
Event: 1153.356 Thread 0x0000000016b8a000 nmethod 18277 0x00000000064a6390 code [0x00000000064a6500, 0x00000000064a6708]
Event: 1153.379 Thread 0x0000000016b8a000 18278       2       com.android.tools.r8.graph.DexType::toDescriptorString (8 bytes)
Event: 1153.379 Thread 0x0000000016b8a000 nmethod 18278 0x00000000064a67d0 code [0x00000000064a6940, 0x00000000064a6b78]

GC Heap History (10 events):
Event: 1140.983 GC heap before
{Heap before GC invocations=24 (full 3):
 PSYoungGen      total 201216K, used 200084K [0x00000000e0000000, 0x00000000ef000000, 0x0000000100000000)
  eden space 181248K, 99% used [0x00000000e0000000,0x00000000eb02c190,0x00000000eb100000)
  from space 19968K, 98% used [0x00000000edc80000,0x00000000eefb8ed8,0x00000000ef000000)
  to   space 31232K, 0% used [0x00000000eb300000,0x00000000eb300000,0x00000000ed180000)
 ParOldGen       total 263168K, used 50344K [0x00000000a0000000, 0x00000000b0100000, 0x00000000e0000000)
  object space 263168K, 19% used [0x00000000a0000000,0x00000000a312a0c8,0x00000000b0100000)
 Metaspace       used 85807K, capacity 88268K, committed 88536K, reserved 1126400K
  class space    used 10804K, capacity 11407K, committed 11480K, reserved 1048576K
Event: 1141.001 GC heap after
Heap after GC invocations=24 (full 3):
 PSYoungGen      total 197632K, used 19957K [0x00000000e0000000, 0x00000000eeb80000, 0x0000000100000000)
  eden space 177664K, 0% used [0x00000000e0000000,0x00000000e0000000,0x00000000ead80000)
  from space 19968K, 99% used [0x00000000eb300000,0x00000000ec67d628,0x00000000ec680000)
  to   space 31744K, 0% used [0x00000000ecc80000,0x00000000ecc80000,0x00000000eeb80000)
 ParOldGen       total 263168K, used 50352K [0x00000000a0000000, 0x00000000b0100000, 0x00000000e0000000)
  object space 263168K, 19% used [0x00000000a0000000,0x00000000a312c0c8,0x00000000b0100000)
 Metaspace       used 85807K, capacity 88268K, committed 88536K, reserved 1126400K
  class space    used 10804K, capacity 11407K, committed 11480K, reserved 1048576K
}
Event: 1143.027 GC heap before
{Heap before GC invocations=25 (full 3):
 PSYoungGen      total 197632K, used 197621K [0x00000000e0000000, 0x00000000eeb80000, 0x0000000100000000)
  eden space 177664K, 100% used [0x00000000e0000000,0x00000000ead80000,0x00000000ead80000)
  from space 19968K, 99% used [0x00000000eb300000,0x00000000ec67d628,0x00000000ec680000)
  to   space 31744K, 0% used [0x00000000ecc80000,0x00000000ecc80000,0x00000000eeb80000)
 ParOldGen       total 263168K, used 50352K [0x00000000a0000000, 0x00000000b0100000, 0x00000000e0000000)
  object space 263168K, 19% used [0x00000000a0000000,0x00000000a312c0c8,0x00000000b0100000)
 Metaspace       used 86354K, capacity 88916K, committed 89048K, reserved 1126400K
  class space    used 10883K, capacity 11473K, committed 11480K, reserved 1048576K
Event: 1143.043 GC heap after
Heap after GC invocations=25 (full 3):
 PSYoungGen      total 201216K, used 18688K [0x00000000e0000000, 0x00000000ee700000, 0x0000000100000000)
  eden space 174080K, 0% used [0x00000000e0000000,0x00000000e0000000,0x00000000eaa00000)
  from space 27136K, 68% used [0x00000000ecc80000,0x00000000edec0150,0x00000000ee700000)
  to   space 31232K, 0% used [0x00000000eaa00000,0x00000000eaa00000,0x00000000ec880000)
 ParOldGen       total 263168K, used 50360K [0x00000000a0000000, 0x00000000b0100000, 0x00000000e0000000)
  object space 263168K, 19% used [0x00000000a0000000,0x00000000a312e0c8,0x00000000b0100000)
 Metaspace       used 86354K, capacity 88916K, committed 89048K, reserved 1126400K
  class space    used 10883K, capacity 11473K, committed 11480K, reserved 1048576K
}
Event: 1152.382 GC heap before
{Heap before GC invocations=26 (full 3):
 PSYoungGen      total 201216K, used 192768K [0x00000000e0000000, 0x00000000ee700000, 0x0000000100000000)
  eden space 174080K, 100% used [0x00000000e0000000,0x00000000eaa00000,0x00000000eaa00000)
  from space 27136K, 68% used [0x00000000ecc80000,0x00000000edec0150,0x00000000ee700000)
  to   space 31232K, 0% used [0x00000000eaa00000,0x00000000eaa00000,0x00000000ec880000)
 ParOldGen       total 263168K, used 50360K [0x00000000a0000000, 0x00000000b0100000, 0x00000000e0000000)
  object space 263168K, 19% used [0x00000000a0000000,0x00000000a312e0c8,0x00000000b0100000)
 Metaspace       used 94596K, capacity 97782K, committed 97880K, reserved 1134592K
  class space    used 11930K, capacity 12612K, committed 12632K, reserved 1048576K
Event: 1152.403 GC heap after
Heap after GC invocations=26 (full 3):
 PSYoungGen      total 199168K, used 28329K [0x00000000e0000000, 0x00000000ee980000, 0x0000000100000000)
  eden space 170496K, 0% used [0x00000000e0000000,0x00000000e0000000,0x00000000ea680000)
  from space 28672K, 98% used [0x00000000eaa00000,0x00000000ec5aa6d8,0x00000000ec600000)
  to   space 34304K, 0% used [0x00000000ec800000,0x00000000ec800000,0x00000000ee980000)
 ParOldGen       total 263168K, used 50368K [0x00000000a0000000, 0x00000000b0100000, 0x00000000e0000000)
  object space 263168K, 19% used [0x00000000a0000000,0x00000000a31300c8,0x00000000b0100000)
 Metaspace       used 94596K, capacity 97782K, committed 97880K, reserved 1134592K
  class space    used 11930K, capacity 12612K, committed 12632K, reserved 1048576K
}
Event: 1152.755 GC heap before
{Heap before GC invocations=27 (full 3):
 PSYoungGen      total 199168K, used 81736K [0x00000000e0000000, 0x00000000ee980000, 0x0000000100000000)
  eden space 170496K, 31% used [0x00000000e0000000,0x00000000e3427bb0,0x00000000ea680000)
  from space 28672K, 98% used [0x00000000eaa00000,0x00000000ec5aa6d8,0x00000000ec600000)
  to   space 34304K, 0% used [0x00000000ec800000,0x00000000ec800000,0x00000000ee980000)
 ParOldGen       total 263168K, used 50368K [0x00000000a0000000, 0x00000000b0100000, 0x00000000e0000000)
  object space 263168K, 19% used [0x00000000a0000000,0x00000000a31300c8,0x00000000b0100000)
 Metaspace       used 95133K, capacity 98366K, committed 98496K, reserved 1134592K
  class space    used 11943K, capacity 12646K, committed 12760K, reserved 1048576K
Event: 1152.801 GC heap after
Heap after GC invocations=27 (full 3):
 PSYoungGen      total 204800K, used 21899K [0x00000000e0000000, 0x00000000ee980000, 0x0000000100000000)
  eden space 170496K, 0% used [0x00000000e0000000,0x00000000e0000000,0x00000000ea680000)
  from space 34304K, 63% used [0x00000000ec800000,0x00000000edd62d18,0x00000000ee980000)
  to   space 28672K, 0% used [0x00000000eaa00000,0x00000000eaa00000,0x00000000ec600000)
 ParOldGen       total 263168K, used 50376K [0x00000000a0000000, 0x00000000b0100000, 0x00000000e0000000)
  object space 263168K, 19% used [0x00000000a0000000,0x00000000a31320c8,0x00000000b0100000)
 Metaspace       used 95133K, capacity 98366K, committed 98496K, reserved 1134592K
  class space    used 11943K, capacity 12646K, committed 12760K, reserved 1048576K
}
Event: 1152.801 GC heap before
{Heap before GC invocations=28 (full 4):
 PSYoungGen      total 204800K, used 21899K [0x00000000e0000000, 0x00000000ee980000, 0x0000000100000000)
  eden space 170496K, 0% used [0x00000000e0000000,0x00000000e0000000,0x00000000ea680000)
  from space 34304K, 63% used [0x00000000ec800000,0x00000000edd62d18,0x00000000ee980000)
  to   space 28672K, 0% used [0x00000000eaa00000,0x00000000eaa00000,0x00000000ec600000)
 ParOldGen       total 263168K, used 50376K [0x00000000a0000000, 0x00000000b0100000, 0x00000000e0000000)
  object space 263168K, 19% used [0x00000000a0000000,0x00000000a31320c8,0x00000000b0100000)
 Metaspace       used 95133K, capacity 98366K, committed 98496K, reserved 1134592K
  class space    used 11943K, capacity 12646K, committed 12760K, reserved 1048576K
Event: 1152.987 GC heap after
Heap after GC invocations=28 (full 4):
 PSYoungGen      total 204800K, used 0K [0x00000000e0000000, 0x00000000ee980000, 0x0000000100000000)
  eden space 170496K, 0% used [0x00000000e0000000,0x00000000e0000000,0x00000000ea680000)
  from space 34304K, 0% used [0x00000000ec800000,0x00000000ec800000,0x00000000ee980000)
  to   space 28672K, 0% used [0x00000000eaa00000,0x00000000eaa00000,0x00000000ec600000)
 ParOldGen       total 263168K, used 46662K [0x00000000a0000000, 0x00000000b0100000, 0x00000000e0000000)
  object space 263168K, 17% used [0x00000000a0000000,0x00000000a2d91868,0x00000000b0100000)
 Metaspace       used 95038K, capacity 98122K, committed 98496K, reserved 1134592K
  class space    used 11910K, capacity 12588K, committed 12760K, reserved 1048576K
}

Deoptimization events (10 events):
Event: 1152.429 Thread 0x000000001f853800 Uncommon trap: reason=unstable_if action=reinterpret pc=0x000000000334c0a4 method=java.util.HashMap.putVal(ILjava/lang/Object;Ljava/lang/Object;ZZ)Ljava/lang/Object; @ 109
Event: 1152.440 Thread 0x000000001f856000 Uncommon trap: reason=unstable_if action=reinterpret pc=0x000000000604dfc8 method=com.android.tools.r8.ir.regalloc.LiveIntervals.getSplitCovering(I)Lcom/android/tools/r8/ir/regalloc/LiveIntervals; @ 45
Event: 1152.501 Thread 0x000000001f853800 Uncommon trap: reason=class_check action=maybe_recompile pc=0x000000000620c7ac method=com.android.tools.r8.ir.conversion.JarState.recordStateForTarget(I[Lcom/android/tools/r8/ir/conversion/JarState$Local;Lcom/android/tools/r8/com/google/common/collect/Imm
Event: 1152.502 Thread 0x000000001f853800 Uncommon trap: reason=class_check action=maybe_recompile pc=0x000000000620c7ac method=com.android.tools.r8.ir.conversion.JarState.recordStateForTarget(I[Lcom/android/tools/r8/ir/conversion/JarState$Local;Lcom/android/tools/r8/com/google/common/collect/Imm
Event: 1152.502 Thread 0x000000001f853800 Uncommon trap: reason=class_check action=maybe_recompile pc=0x000000000620c7ac method=com.android.tools.r8.ir.conversion.JarState.recordStateForTarget(I[Lcom/android/tools/r8/ir/conversion/JarState$Local;Lcom/android/tools/r8/com/google/common/collect/Imm
Event: 1152.502 Thread 0x000000001f853800 Uncommon trap: reason=class_check action=maybe_recompile pc=0x000000000620c7ac method=com.android.tools.r8.ir.conversion.JarState.recordStateForTarget(I[Lcom/android/tools/r8/ir/conversion/JarState$Local;Lcom/android/tools/r8/com/google/common/collect/Imm
Event: 1152.511 Thread 0x000000001f853000 Uncommon trap: reason=unstable_if action=reinterpret pc=0x00000000061739c8 method=com.android.tools.r8.ir.optimize.MoveEliminator.shouldBeEliminated(Lcom/android/tools/r8/ir/code/Instruction;)Z @ 148
Event: 1153.145 Thread 0x000000001f853800 Uncommon trap: reason=unstable_if action=reinterpret pc=0x0000000006428d3c method=com.android.tools.r8.ir.code.Phi.recomputeNeverNull()V @ 4
Event: 1153.253 Thread 0x000000001f856000 Uncommon trap: reason=unstable_if action=reinterpret pc=0x0000000006377174 method=com.android.tools.r8.ir.conversion.JarState.getLocalsAt(I)Lcom/android/tools/r8/ir/conversion/JarState$LocalsAtOffset; @ 1
Event: 1153.333 Thread 0x000000001f856000 Uncommon trap: reason=predicate action=maybe_recompile pc=0x00000000057d2094 method=java.util.TimSort.binarySort([Ljava/lang/Object;IIILjava/util/Comparator;)V @ 37

Classes redefined (0 events):
No events

Internal exceptions (10 events):
Event: 1149.368 Thread 0x000000001ebaf000 Exception <a 'sun/nio/fs/WindowsException'> (0x00000000e6d58ba8) thrown at [D:\src\AOSP-openjdk-cygwin\jdk8u\hotspot\src\share\vm\prims\jni.cpp, line 709]
Event: 1149.379 Thread 0x000000001ebaf000 Exception <a 'sun/nio/fs/WindowsException'> (0x00000000e6d8d018) thrown at [D:\src\AOSP-openjdk-cygwin\jdk8u\hotspot\src\share\vm\prims\jni.cpp, line 709]
Event: 1149.379 Thread 0x000000001ebaf000 Exception <a 'sun/nio/fs/WindowsException'> (0x00000000e6d8df50) thrown at [D:\src\AOSP-openjdk-cygwin\jdk8u\hotspot\src\share\vm\prims\jni.cpp, line 709]
Event: 1149.380 Thread 0x000000001ebaf000 Exception <a 'sun/nio/fs/WindowsException'> (0x00000000e6d90000) thrown at [D:\src\AOSP-openjdk-cygwin\jdk8u\hotspot\src\share\vm\prims\jni.cpp, line 709]
Event: 1149.387 Thread 0x000000001ebaf000 Exception <a 'sun/nio/fs/WindowsException'> (0x00000000e6dc9558) thrown at [D:\src\AOSP-openjdk-cygwin\jdk8u\hotspot\src\share\vm\prims\jni.cpp, line 709]
Event: 1149.387 Thread 0x000000001ebaf000 Exception <a 'sun/nio/fs/WindowsException'> (0x00000000e6dca490) thrown at [D:\src\AOSP-openjdk-cygwin\jdk8u\hotspot\src\share\vm\prims\jni.cpp, line 709]
Event: 1149.387 Thread 0x000000001ebaf000 Exception <a 'sun/nio/fs/WindowsException'> (0x00000000e6dcc540) thrown at [D:\src\AOSP-openjdk-cygwin\jdk8u\hotspot\src\share\vm\prims\jni.cpp, line 709]
Event: 1149.395 Thread 0x000000001ebaf000 Exception <a 'sun/nio/fs/WindowsException'> (0x00000000e6dff680) thrown at [D:\src\AOSP-openjdk-cygwin\jdk8u\hotspot\src\share\vm\prims\jni.cpp, line 709]
Event: 1149.395 Thread 0x000000001ebaf000 Exception <a 'sun/nio/fs/WindowsException'> (0x00000000e6e005b8) thrown at [D:\src\AOSP-openjdk-cygwin\jdk8u\hotspot\src\share\vm\prims\jni.cpp, line 709]
Event: 1149.395 Thread 0x000000001ebaf000 Exception <a 'sun/nio/fs/WindowsException'> (0x00000000e6e02668) thrown at [D:\src\AOSP-openjdk-cygwin\jdk8u\hotspot\src\share\vm\prims\jni.cpp, line 709]

Events (10 events):
Event: 1153.370 loading class com/android/tools/r8/naming/ProguardMap
Event: 1153.370 loading class com/android/tools/r8/naming/ProguardMap done
Event: 1153.376 loading class com/android/tools/r8/graph/DexProgramClass
Event: 1153.376 loading class com/android/tools/r8/graph/DexProgramClass done
Event: 1153.377 loading class com/android/tools/r8/utils/DescriptorUtils
Event: 1153.377 loading class com/android/tools/r8/utils/DescriptorUtils done
Event: 1153.379 loading class com/android/tools/r8/dex/VirtualFile$FillStrategy
Event: 1153.379 loading class com/android/tools/r8/dex/VirtualFile$FillStrategy done
Event: 1153.379 loading class com/android/tools/r8/graph/DexProgramClass
Event: 1153.379 loading class com/android/tools/r8/graph/DexProgramClass done


Dynamic libraries:
0x00007ff627620000 - 0x00007ff627651000 	C:\Program Files\Android\Android Studio\jre\bin\java.exe
0x00007ffcd4670000 - 0x00007ffcd485d000 	C:\WINDOWS\SYSTEM32\ntdll.dll
0x00007ffcd1ed0000 - 0x00007ffcd1f83000 	C:\WINDOWS\System32\KERNEL32.DLL
0x00007ffcd10d0000 - 0x00007ffcd1363000 	C:\WINDOWS\System32\KERNELBASE.dll
0x00007ffcd2f30000 - 0x00007ffcd2fd3000 	C:\WINDOWS\System32\ADVAPI32.dll
0x00007ffcd1f90000 - 0x00007ffcd202e000 	C:\WINDOWS\System32\msvcrt.dll
0x00007ffcd26c0000 - 0x00007ffcd275e000 	C:\WINDOWS\System32\sechost.dll
0x00007ffcd1da0000 - 0x00007ffcd1ec2000 	C:\WINDOWS\System32\RPCRT4.dll
0x00007ffcd27e0000 - 0x00007ffcd2977000 	C:\WINDOWS\System32\USER32.dll
0x00007ffcd17d0000 - 0x00007ffcd17f0000 	C:\WINDOWS\System32\win32u.dll
0x00007ffcd2030000 - 0x00007ffcd2059000 	C:\WINDOWS\System32\GDI32.dll
0x00007ffcd0f30000 - 0x00007ffcd10ca000 	C:\WINDOWS\System32\gdi32full.dll
0x00007ffcd0740000 - 0x00007ffcd07e0000 	C:\WINDOWS\System32\msvcp_win.dll
0x00007ffcd1390000 - 0x00007ffcd148c000 	C:\WINDOWS\System32\ucrtbase.dll
0x00007ffcc20b0000 - 0x00007ffcc2329000 	C:\WINDOWS\WinSxS\amd64_microsoft.windows.common-controls_6595b64144ccf1df_6.0.17763.253_none_05b2388e0721fece\COMCTL32.dll
0x00007ffcd2170000 - 0x00007ffcd249d000 	C:\WINDOWS\System32\combase.dll
0x00007ffcd1750000 - 0x00007ffcd17ce000 	C:\WINDOWS\System32\bcryptPrimitives.dll
0x00007ffcd2e30000 - 0x00007ffcd2e5e000 	C:\WINDOWS\System32\IMM32.DLL
0x000000006f150000 - 0x000000006f222000 	C:\Program Files\Android\Android Studio\jre\jre\bin\msvcr100.dll
0x000000006f430000 - 0x000000006fc71000 	C:\Program Files\Android\Android Studio\jre\jre\bin\server\jvm.dll
0x00007ffcd2dc0000 - 0x00007ffcd2dc8000 	C:\WINDOWS\System32\PSAPI.DLL
0x00007ffcce2d0000 - 0x00007ffcce2f4000 	C:\WINDOWS\SYSTEM32\WINMM.dll
0x00007ffcc7340000 - 0x00007ffcc734a000 	C:\WINDOWS\SYSTEM32\VERSION.dll
0x00007ffcbdb30000 - 0x00007ffcbdb39000 	C:\WINDOWS\SYSTEM32\WSOCK32.dll
0x00007ffcce2a0000 - 0x00007ffcce2cd000 	C:\WINDOWS\SYSTEM32\WINMMBASE.dll
0x00007ffcd1850000 - 0x00007ffcd189a000 	C:\WINDOWS\System32\cfgmgr32.dll
0x00007ffcd2760000 - 0x00007ffcd27cd000 	C:\WINDOWS\System32\WS2_32.dll
0x00007ffcaefc0000 - 0x00007ffcaefcf000 	C:\Program Files\Android\Android Studio\jre\jre\bin\verify.dll
0x00007ffcaecf0000 - 0x00007ffcaed19000 	C:\Program Files\Android\Android Studio\jre\jre\bin\java.dll
0x00007ffca5870000 - 0x00007ffca5886000 	C:\Program Files\Android\Android Studio\jre\jre\bin\zip.dll
0x00007ffcd3150000 - 0x00007ffcd463f000 	C:\WINDOWS\System32\SHELL32.dll
0x00007ffcd2b30000 - 0x00007ffcd2bd8000 	C:\WINDOWS\System32\shcore.dll
0x00007ffcd07e0000 - 0x00007ffcd0f2a000 	C:\WINDOWS\System32\windows.storage.dll
0x00007ffcd0710000 - 0x00007ffcd0734000 	C:\WINDOWS\System32\profapi.dll
0x00007ffcd0690000 - 0x00007ffcd06ed000 	C:\WINDOWS\System32\powrprof.dll
0x00007ffcd2110000 - 0x00007ffcd2162000 	C:\WINDOWS\System32\shlwapi.dll
0x00007ffcd0670000 - 0x00007ffcd0681000 	C:\WINDOWS\System32\kernel.appcore.dll
0x00007ffcd1370000 - 0x00007ffcd1387000 	C:\WINDOWS\System32\cryptsp.dll
0x00007ffca5760000 - 0x00007ffca577a000 	C:\Program Files\Android\Android Studio\jre\jre\bin\net.dll
0x00007ffccfe50000 - 0x00007ffccfeb7000 	C:\WINDOWS\system32\mswsock.dll
0x00007ffca4590000 - 0x00007ffca45a1000 	C:\Program Files\Android\Android Studio\jre\jre\bin\nio.dll
0x00007ffcb4aa0000 - 0x00007ffcb4abe000 	C:\Users\v-elyuda\.gradle\native\25\windows-amd64\native-platform.dll
0x00007ffcaea40000 - 0x00007ffcaea4d000 	C:\Program Files\Android\Android Studio\jre\jre\bin\management.dll
0x00007ffccf7c0000 - 0x00007ffccf7f3000 	C:\WINDOWS\system32\rsaenh.dll
0x00007ffcd1490000 - 0x00007ffcd14b6000 	C:\WINDOWS\System32\bcrypt.dll
0x00007ffcd05a0000 - 0x00007ffcd05c8000 	C:\WINDOWS\SYSTEM32\USERENV.dll
0x00007ffccffd0000 - 0x00007ffccffdc000 	C:\WINDOWS\SYSTEM32\CRYPTBASE.dll
0x00007ffccfbc0000 - 0x00007ffccfbfd000 	C:\WINDOWS\SYSTEM32\IPHLPAPI.DLL
0x00007ffcd26b0000 - 0x00007ffcd26b8000 	C:\WINDOWS\System32\NSI.dll
0x00007ffccb860000 - 0x00007ffccb876000 	C:\WINDOWS\SYSTEM32\dhcpcsvc6.DLL
0x00007ffccb830000 - 0x00007ffccb84c000 	C:\WINDOWS\SYSTEM32\dhcpcsvc.DLL
0x00007ffccfc00000 - 0x00007ffccfcc6000 	C:\WINDOWS\SYSTEM32\DNSAPI.dll
0x00007ffcae930000 - 0x00007ffcae954000 	C:\Program Files\Android\Android Studio\jre\jre\bin\sunec.dll
0x00007ffcc7950000 - 0x00007ffcc795a000 	C:\Windows\System32\rasadhlp.dll
0x00007ffccbaa0000 - 0x00007ffccbb19000 	C:\WINDOWS\System32\fwpuclnt.dll
0x00007ffcc64b0000 - 0x00007ffcc64bb000 	C:\Program Files\Android\Android Studio\jre\jre\bin\sunmscapi.dll
0x00007ffcd1570000 - 0x00007ffcd174b000 	C:\WINDOWS\System32\CRYPT32.dll
0x00007ffcd06f0000 - 0x00007ffcd0702000 	C:\WINDOWS\System32\MSASN1.dll
0x00007ffc82470000 - 0x00007ffc82607000 	C:\Program Files\Android\Android Studio\jre\jre\bin\awt.dll
0x00007ffcd2e60000 - 0x00007ffcd2f2b000 	C:\WINDOWS\System32\OLEAUT32.dll
0x00007ffccd4b0000 - 0x00007ffccda6e000 	C:\WINDOWS\SYSTEM32\d2d1.dll
0x00007ffcce3d0000 - 0x00007ffcce45c000 	C:\WINDOWS\SYSTEM32\apphelp.dll
0x00007ffcceb50000 - 0x00007ffcceb7e000 	C:\WINDOWS\system32\DWMAPI.DLL
0x00007ffcce740000 - 0x00007ffcce7dc000 	C:\WINDOWS\system32\uxtheme.dll

VM Arguments:
jvm_args: -Xmx1536m -Dfile.encoding=windows-1252 -Duser.country=US -Duser.language=en -Duser.variant 
java_command: org.gradle.launcher.daemon.bootstrap.GradleDaemon 4.10.1
java_class_path (initial): C:\Users\v-elyuda\.gradle\wrapper\dists\gradle-4.10.1-all\455itskqi2qtf0v2sja68alqd\gradle-4.10.1\lib\gradle-launcher-4.10.1.jar
Launcher Type: SUN_STANDARD

Environment Variables:
PATH=C:\Program Files (x86)\Common Files\Oracle\Java\javapath;C:\ProgramData\Oracle\Java\javapath;C:\Program Files\Microsoft MPI\Bin\;C:\WINDOWS\system32;C:\WINDOWS;C:\WINDOWS\System32\Wbem;C:\WINDOWS\System32\WindowsPowerShell\v1.0\;C:\Users\elizaveta.yudakova\Documents;C:\Program Files\Microsoft SQL Server\Client SDK\ODBC\110\Tools\Binn\;D:\nacl_sdk\pepper_49;C:\Program Files\nodejs;C:\Program Files\Microsoft\Web Platform Installer\;C:\Program Files (x86)\Windows Kits\10\Windows Performance Toolkit\;C:\Program Files\dotnet\;C:\Program Files\Microsoft SQL Server\130\Tools\Binn\;C:\Program Files (x86)\Microsoft Team Foundation Server 2013 Power Tools\Best Practices Analyzer\;C:\Program Files\Microsoft SQL Server\110\Tools\Binn\;C:\Program Files\Microsoft SQL Server\120\Tools\Binn\;C:\Program Files (x86)\Microsoft SQL Server\Client SDK\ODBC\130\Tools\Binn\;C:\Program Files (x86)\Microsoft SQL Server\140\Tools\Binn\;C:\Program Files (x86)\Microsoft SQL Server\140\DTS\Binn\;C:\Program Files (x86)\Microsoft SQL Server\140\Tools\Binn\ManagementStudio\;C:\Program Files (x86)\Microsoft SQL Server\120\Tools\Binn\;C:\Program Files\Microsoft SQL Server\120\DTS\Binn\;C:\Program Files (x86)\Microsoft SDKs\Azure\CLI\wbin;C:\WINDOWS\System32\OpenSSH\;C:\Program Files (x86)\Microsoft VS Code\bin;C:\Program Files\Git\cmd;C:\Users\v-elyuda\AppData\Local\Microsoft\WindowsApps;C:\Users\v-elyuda\.windows-build-tools\python27;C:\Users\v-elyuda\Documents;%USERPROFILE%\AppData\Local\Microsoft\WindowsApps;
USERNAME=v-elyuda
OS=Windows_NT
PROCESSOR_IDENTIFIER=Intel64 Family 6 Model 60 Stepping 3, GenuineIntel



---------------  S Y S T E M  ---------------

OS: Windows 10.0 , 64 bit Build 17763 (10.0.17763.1)

CPU:total 4 (initial active 4) (4 cores per cpu, 1 threads per core) family 6 model 60 stepping 3, cmov, cx8, fxsr, mmx, sse, sse2, sse3, ssse3, sse4.1, sse4.2, popcnt, avx, avx2, aes, clmul, erms, lzcnt, tsc, tscinvbit, bmi1, bmi2

Memory: 4k page, physical 16646044k(1551936k free), swap 16646044k(5320k free)

vm_info: OpenJDK 64-Bit Server VM (25.152-b01) for windows-amd64 JRE (1.8.0_152-release-1248-b01), built by "builder" with MS VC++ 10.0 (VS2010)

time: Wed Jan 30 22:00:46 2019
elapsed time: 1153 seconds (0d 0h 19m 13s)

